<?xml version="1.0" encoding="UTF-8"?>
<testng-results skipped="0" failed="0" total="1" passed="1">
  <reporter-output>
  </reporter-output>
  <suite name="Command line suite" duration-ms="18" started-at="2020-06-27T16:41:07Z" finished-at="2020-06-27T16:41:07Z">
    <groups>
    </groups>
    <test name="Command line test" duration-ms="18" started-at="2020-06-27T16:41:07Z" finished-at="2020-06-27T16:41:07Z">
      <class name="TestNgDemo.TestNgMaven.AppTest">
        <test-method status="PASS" signature="testApp()[pri:0, instance:testApp(TestNgDemo.TestNgMaven.AppTest)]" name="testApp" duration-ms="14" started-at="2020-06-27T22:11:07Z" finished-at="2020-06-27T22:11:07Z">
          <reporter-output>
          </reporter-output>
        </test-method> <!-- testApp -->
      </class> <!-- TestNgDemo.TestNgMaven.AppTest -->
    </test> <!-- Command line test -->
  </suite> <!-- Command line suite -->
</testng-results>
