<?xml version="1.0" encoding="UTF-8" ?>
<testsuite tests="21" failures="4" name="TestSuite" time="58.59" errors="0" skipped="0">
  <properties>
[...]
</properties>
  <testcase classname="TestNgDemo.TestNgMaven.Login_TestCase" name="Verify_Url" time="0.032"/>
  <testcase classname="TestNgDemo.TestNgMaven.Login_TestCase" name="verifyApplicationTitle" time="0.007"/>
  <testcase classname="TestNgDemo.TestNgMaven.Login_TestCase" name="verify_Title" time="5.163">
    <failure message="no such element: Unable to locate element: {&quot;method&quot;:&quot;xpath&quot;,&quot;selector&quot;:&quot;/html/body/div/header/a/span[2]/b&quot;}
  (Session info: chrome=83.0.4103.116)
For documentation on this error, please visit: http://seleniumhq.org/exceptions/no_such_element.html
Build info: version: &apos;3.14.0&apos;, revision: &apos;aacccce0&apos;, time: &apos;2018-08-02T20:19:58.91Z&apos;
System info: host: &apos;DESKTOP-4POG3SJ&apos;, ip: &apos;192.168.2.6&apos;, os.name: &apos;Windows 10&apos;, os.arch: &apos;amd64&apos;, os.version: &apos;10.0&apos;, java.version: &apos;1.8.0_251&apos;
Driver info: org.openqa.selenium.chrome.ChromeDriver
Capabilities {acceptInsecureCerts: false, browserName: chrome, browserVersion: 83.0.4103.116, chrome: {chromedriverVersion: 83.0.4103.39 (ccbf011cb2d2b..., userDataDir: C:\Users\darsh\AppData\Loca...}, goog:chromeOptions: {debuggerAddress: localhost:57322}, javascriptEnabled: true, networkConnectionEnabled: false, pageLoadStrategy: normal, platform: WINDOWS, platformName: WINDOWS, proxy: Proxy(), setWindowRect: true, strictFileInteractability: false, timeouts: {implicit: 0, pageLoad: 300000, script: 30000}, unhandledPromptBehavior: dismiss and notify, webauthn:virtualAuthenticators: true}
Session ID: 752673b89b52b8769b2133fa922d5b52
*** Element info: {Using=xpath, value=/html/body/div/header/a/span[2]/b}" type="org.openqa.selenium.NoSuchElementException">org.openqa.selenium.NoSuchElementException: no such element: Unable to locate element: {&quot;method&quot;:&quot;xpath&quot;,&quot;selector&quot;:&quot;/html/body/div/header/a/span[2]/b&quot;}
  (Session info: chrome=83.0.4103.116)
For documentation on this error, please visit: http://seleniumhq.org/exceptions/no_such_element.html
Build info: version: &apos;3.14.0&apos;, revision: &apos;aacccce0&apos;, time: &apos;2018-08-02T20:19:58.91Z&apos;
System info: host: &apos;DESKTOP-4POG3SJ&apos;, ip: &apos;192.168.2.6&apos;, os.name: &apos;Windows 10&apos;, os.arch: &apos;amd64&apos;, os.version: &apos;10.0&apos;, java.version: &apos;1.8.0_251&apos;
Driver info: org.openqa.selenium.chrome.ChromeDriver
Capabilities {acceptInsecureCerts: false, browserName: chrome, browserVersion: 83.0.4103.116, chrome: {chromedriverVersion: 83.0.4103.39 (ccbf011cb2d2b..., userDataDir: C:\Users\darsh\AppData\Loca...}, goog:chromeOptions: {debuggerAddress: localhost:57322}, javascriptEnabled: true, networkConnectionEnabled: false, pageLoadStrategy: normal, platform: WINDOWS, platformName: WINDOWS, proxy: Proxy(), setWindowRect: true, strictFileInteractability: false, timeouts: {implicit: 0, pageLoad: 300000, script: 30000}, unhandledPromptBehavior: dismiss and notify, webauthn:virtualAuthenticators: true}
Session ID: 752673b89b52b8769b2133fa922d5b52
*** Element info: {Using=xpath, value=/html/body/div/header/a/span[2]/b}
	at sun.reflect.NativeConstructorAccessorImpl.newInstance0(Native Method)
	at sun.reflect.NativeConstructorAccessorImpl.newInstance(NativeConstructorAccessorImpl.java:62)
	at sun.reflect.DelegatingConstructorAccessorImpl.newInstance(DelegatingConstructorAccessorImpl.java:45)
	at java.lang.reflect.Constructor.newInstance(Constructor.java:423)
	at org.openqa.selenium.remote.http.W3CHttpResponseCodec.createException(W3CHttpResponseCodec.java:187)
	at org.openqa.selenium.remote.http.W3CHttpResponseCodec.decode(W3CHttpResponseCodec.java:122)
	at org.openqa.selenium.remote.http.W3CHttpResponseCodec.decode(W3CHttpResponseCodec.java:49)
	at org.openqa.selenium.remote.HttpCommandExecutor.execute(HttpCommandExecutor.java:158)
	at org.openqa.selenium.remote.service.DriverCommandExecutor.execute(DriverCommandExecutor.java:83)
	at org.openqa.selenium.remote.RemoteWebDriver.execute(RemoteWebDriver.java:548)
	at org.openqa.selenium.remote.RemoteWebDriver.findElement(RemoteWebDriver.java:322)
	at org.openqa.selenium.remote.RemoteWebDriver.findElementByXPath(RemoteWebDriver.java:424)
	at org.openqa.selenium.By$ByXPath.findElement(By.java:353)
	at org.openqa.selenium.remote.RemoteWebDriver.findElement(RemoteWebDriver.java:314)
	at TestNgDemo.TestNgMaven.Login_TestCase.verify_Title(Login_TestCase.java:100)
</failure>
  </testcase>
  <testcase classname="TestNgDemo.TestNgMaven.Login_TestCase" name="loginsesion" time="0.041"/>
  <testcase classname="TestNgDemo.TestNgMaven.Login_TestCase" name="Check_PlaceHolder_Username" time="0.064"/>
  <testcase classname="TestNgDemo.TestNgMaven.Login_TestCase" name="Check_PlaceHolder_Password" time="0.068"/>
  <testcase classname="TestNgDemo.TestNgMaven.Login_TestCase" name="check_Button_color" time="0.324"/>
  <testcase classname="TestNgDemo.TestNgMaven.Login_TestCase" name="check_Links" time="0.093"/>
  <testcase classname="TestNgDemo.TestNgMaven.Login_TestCase" name="blank_username_password" time="0.531"/>
  <testcase classname="TestNgDemo.TestNgMaven.Login_TestCase" name="invalidusername_password" time="4.685"/>
  <testcase classname="TestNgDemo.TestNgMaven.Login_TestCase" name="validUsername_Password" time="1.258"/>
  <testcase classname="TestNgDemo.TestNgMaven.Login_TestCase" name="Verify_Url_DashBoard" time="0.018">
    <failure message="expected [file:///D:/AdminLTE/pages/examples/dashboard.html] but found [file:///E:/AdminLTE/pages/examples/dashboard.html]" type="java.lang.AssertionError">java.lang.AssertionError: expected [file:///D:/AdminLTE/pages/examples/dashboard.html] but found [file:///E:/AdminLTE/pages/examples/dashboard.html]
	at org.testng.Assert.fail(Assert.java:94)
	at org.testng.Assert.failNotEquals(Assert.java:494)
	at org.testng.Assert.assertEquals(Assert.java:123)
	at org.testng.Assert.assertEquals(Assert.java:176)
	at org.testng.Assert.assertEquals(Assert.java:186)
	at TestNgDemo.TestNgMaven.Login_TestCase.Verify_Url_DashBoard(Login_TestCase.java:239)
</failure>
    <system-out>page title is file:///E:/AdminLTE/pages/examples/dashboard.html
</system-out>
  </testcase>
  <testcase classname="TestNgDemo.TestNgMaven.Login_TestCase" name="verifyApplicationTitle_DashBoard" time="0.009"/>
  <testcase classname="TestNgDemo.TestNgMaven.Login_TestCase" name="heading_Dashboard" time="2.077"/>
  <testcase classname="TestNgDemo.TestNgMaven.Login_TestCase" name="click_OnUser" time="2.834"/>
  <testcase classname="TestNgDemo.TestNgMaven.Login_TestCase" name="getTableData" time="7.806"/>
  <testcase classname="TestNgDemo.TestNgMaven.Login_TestCase" name="Click_On_AddUser_Btn" time="2.336"/>
  <testcase classname="TestNgDemo.TestNgMaven.Login_TestCase" name="Fill_Form" time="14.893">
    <failure message="no such element: Unable to locate element: {&quot;method&quot;:&quot;xpath&quot;,&quot;selector&quot;:&quot;html/body/div[1]/div[1]/section[2]/div/div/div/form/div[1]/div[5]/div/select&quot;}
  (Session info: chrome=83.0.4103.116)
For documentation on this error, please visit: http://seleniumhq.org/exceptions/no_such_element.html
Build info: version: &apos;3.14.0&apos;, revision: &apos;aacccce0&apos;, time: &apos;2018-08-02T20:19:58.91Z&apos;
System info: host: &apos;DESKTOP-4POG3SJ&apos;, ip: &apos;192.168.2.6&apos;, os.name: &apos;Windows 10&apos;, os.arch: &apos;amd64&apos;, os.version: &apos;10.0&apos;, java.version: &apos;1.8.0_251&apos;
Driver info: org.openqa.selenium.chrome.ChromeDriver
Capabilities {acceptInsecureCerts: false, browserName: chrome, browserVersion: 83.0.4103.116, chrome: {chromedriverVersion: 83.0.4103.39 (ccbf011cb2d2b..., userDataDir: C:\Users\darsh\AppData\Loca...}, goog:chromeOptions: {debuggerAddress: localhost:57322}, javascriptEnabled: true, networkConnectionEnabled: false, pageLoadStrategy: normal, platform: WINDOWS, platformName: WINDOWS, proxy: Proxy(), setWindowRect: true, strictFileInteractability: false, timeouts: {implicit: 0, pageLoad: 300000, script: 30000}, unhandledPromptBehavior: dismiss and notify, webauthn:virtualAuthenticators: true}
Session ID: 752673b89b52b8769b2133fa922d5b52
*** Element info: {Using=xpath, value=html/body/div[1]/div[1]/section[2]/div/div/div/form/div[1]/div[5]/div/select}" type="org.openqa.selenium.NoSuchElementException">org.openqa.selenium.NoSuchElementException: no such element: Unable to locate element: {&quot;method&quot;:&quot;xpath&quot;,&quot;selector&quot;:&quot;html/body/div[1]/div[1]/section[2]/div/div/div/form/div[1]/div[5]/div/select&quot;}
  (Session info: chrome=83.0.4103.116)
For documentation on this error, please visit: http://seleniumhq.org/exceptions/no_such_element.html
Build info: version: &apos;3.14.0&apos;, revision: &apos;aacccce0&apos;, time: &apos;2018-08-02T20:19:58.91Z&apos;
System info: host: &apos;DESKTOP-4POG3SJ&apos;, ip: &apos;192.168.2.6&apos;, os.name: &apos;Windows 10&apos;, os.arch: &apos;amd64&apos;, os.version: &apos;10.0&apos;, java.version: &apos;1.8.0_251&apos;
Driver info: org.openqa.selenium.chrome.ChromeDriver
Capabilities {acceptInsecureCerts: false, browserName: chrome, browserVersion: 83.0.4103.116, chrome: {chromedriverVersion: 83.0.4103.39 (ccbf011cb2d2b..., userDataDir: C:\Users\darsh\AppData\Loca...}, goog:chromeOptions: {debuggerAddress: localhost:57322}, javascriptEnabled: true, networkConnectionEnabled: false, pageLoadStrategy: normal, platform: WINDOWS, platformName: WINDOWS, proxy: Proxy(), setWindowRect: true, strictFileInteractability: false, timeouts: {implicit: 0, pageLoad: 300000, script: 30000}, unhandledPromptBehavior: dismiss and notify, webauthn:virtualAuthenticators: true}
Session ID: 752673b89b52b8769b2133fa922d5b52
*** Element info: {Using=xpath, value=html/body/div[1]/div[1]/section[2]/div/div/div/form/div[1]/div[5]/div/select}
	at sun.reflect.NativeConstructorAccessorImpl.newInstance0(Native Method)
	at sun.reflect.NativeConstructorAccessorImpl.newInstance(NativeConstructorAccessorImpl.java:62)
	at sun.reflect.DelegatingConstructorAccessorImpl.newInstance(DelegatingConstructorAccessorImpl.java:45)
	at java.lang.reflect.Constructor.newInstance(Constructor.java:423)
	at org.openqa.selenium.remote.http.W3CHttpResponseCodec.createException(W3CHttpResponseCodec.java:187)
	at org.openqa.selenium.remote.http.W3CHttpResponseCodec.decode(W3CHttpResponseCodec.java:122)
	at org.openqa.selenium.remote.http.W3CHttpResponseCodec.decode(W3CHttpResponseCodec.java:49)
	at org.openqa.selenium.remote.HttpCommandExecutor.execute(HttpCommandExecutor.java:158)
	at org.openqa.selenium.remote.service.DriverCommandExecutor.execute(DriverCommandExecutor.java:83)
	at org.openqa.selenium.remote.RemoteWebDriver.execute(RemoteWebDriver.java:548)
	at org.openqa.selenium.remote.RemoteWebDriver.findElement(RemoteWebDriver.java:322)
	at org.openqa.selenium.remote.RemoteWebDriver.findElementByXPath(RemoteWebDriver.java:424)
	at org.openqa.selenium.By$ByXPath.findElement(By.java:353)
	at org.openqa.selenium.remote.RemoteWebDriver.findElement(RemoteWebDriver.java:314)
	at TestNgDemo.TestNgMaven.Login_TestCase.Fill_Form(Login_TestCase.java:356)
</failure>
  </testcase>
  <testcase classname="TestNgDemo.TestNgMaven.Login_TestCase" name="clickOn_OperatorBtn" time="10.896"/>
  <testcase classname="TestNgDemo.TestNgMaven.Login_TestCase" name="logOutBtn" time="5.454">
    <failure message="no such element: Unable to locate element: {&quot;method&quot;:&quot;xpath&quot;,&quot;selector&quot;:&quot;//p[contains(text(),&apos;Logout successfully&apos;)]&quot;}
  (Session info: chrome=83.0.4103.116)
For documentation on this error, please visit: http://seleniumhq.org/exceptions/no_such_element.html
Build info: version: &apos;3.14.0&apos;, revision: &apos;aacccce0&apos;, time: &apos;2018-08-02T20:19:58.91Z&apos;
System info: host: &apos;DESKTOP-4POG3SJ&apos;, ip: &apos;192.168.2.6&apos;, os.name: &apos;Windows 10&apos;, os.arch: &apos;amd64&apos;, os.version: &apos;10.0&apos;, java.version: &apos;1.8.0_251&apos;
Driver info: org.openqa.selenium.chrome.ChromeDriver
Capabilities {acceptInsecureCerts: false, browserName: chrome, browserVersion: 83.0.4103.116, chrome: {chromedriverVersion: 83.0.4103.39 (ccbf011cb2d2b..., userDataDir: C:\Users\darsh\AppData\Loca...}, goog:chromeOptions: {debuggerAddress: localhost:57322}, javascriptEnabled: true, networkConnectionEnabled: false, pageLoadStrategy: normal, platform: WINDOWS, platformName: WINDOWS, proxy: Proxy(), setWindowRect: true, strictFileInteractability: false, timeouts: {implicit: 0, pageLoad: 300000, script: 30000}, unhandledPromptBehavior: dismiss and notify, webauthn:virtualAuthenticators: true}
Session ID: 752673b89b52b8769b2133fa922d5b52
*** Element info: {Using=xpath, value=//p[contains(text(),&apos;Logout successfully&apos;)]}" type="org.openqa.selenium.NoSuchElementException">org.openqa.selenium.NoSuchElementException: no such element: Unable to locate element: {&quot;method&quot;:&quot;xpath&quot;,&quot;selector&quot;:&quot;//p[contains(text(),&apos;Logout successfully&apos;)]&quot;}
  (Session info: chrome=83.0.4103.116)
For documentation on this error, please visit: http://seleniumhq.org/exceptions/no_such_element.html
Build info: version: &apos;3.14.0&apos;, revision: &apos;aacccce0&apos;, time: &apos;2018-08-02T20:19:58.91Z&apos;
System info: host: &apos;DESKTOP-4POG3SJ&apos;, ip: &apos;192.168.2.6&apos;, os.name: &apos;Windows 10&apos;, os.arch: &apos;amd64&apos;, os.version: &apos;10.0&apos;, java.version: &apos;1.8.0_251&apos;
Driver info: org.openqa.selenium.chrome.ChromeDriver
Capabilities {acceptInsecureCerts: false, browserName: chrome, browserVersion: 83.0.4103.116, chrome: {chromedriverVersion: 83.0.4103.39 (ccbf011cb2d2b..., userDataDir: C:\Users\darsh\AppData\Loca...}, goog:chromeOptions: {debuggerAddress: localhost:57322}, javascriptEnabled: true, networkConnectionEnabled: false, pageLoadStrategy: normal, platform: WINDOWS, platformName: WINDOWS, proxy: Proxy(), setWindowRect: true, strictFileInteractability: false, timeouts: {implicit: 0, pageLoad: 300000, script: 30000}, unhandledPromptBehavior: dismiss and notify, webauthn:virtualAuthenticators: true}
Session ID: 752673b89b52b8769b2133fa922d5b52
*** Element info: {Using=xpath, value=//p[contains(text(),&apos;Logout successfully&apos;)]}
	at sun.reflect.NativeConstructorAccessorImpl.newInstance0(Native Method)
	at sun.reflect.NativeConstructorAccessorImpl.newInstance(NativeConstructorAccessorImpl.java:62)
	at sun.reflect.DelegatingConstructorAccessorImpl.newInstance(DelegatingConstructorAccessorImpl.java:45)
	at java.lang.reflect.Constructor.newInstance(Constructor.java:423)
	at org.openqa.selenium.remote.http.W3CHttpResponseCodec.createException(W3CHttpResponseCodec.java:187)
	at org.openqa.selenium.remote.http.W3CHttpResponseCodec.decode(W3CHttpResponseCodec.java:122)
	at org.openqa.selenium.remote.http.W3CHttpResponseCodec.decode(W3CHttpResponseCodec.java:49)
	at org.openqa.selenium.remote.HttpCommandExecutor.execute(HttpCommandExecutor.java:158)
	at org.openqa.selenium.remote.service.DriverCommandExecutor.execute(DriverCommandExecutor.java:83)
	at org.openqa.selenium.remote.RemoteWebDriver.execute(RemoteWebDriver.java:548)
	at org.openqa.selenium.remote.RemoteWebDriver.findElement(RemoteWebDriver.java:322)
	at org.openqa.selenium.remote.RemoteWebDriver.findElementByXPath(RemoteWebDriver.java:424)
	at org.openqa.selenium.By$ByXPath.findElement(By.java:353)
	at org.openqa.selenium.remote.RemoteWebDriver.findElement(RemoteWebDriver.java:314)
	at TestNgDemo.TestNgMaven.Login_TestCase.logOutBtn(Login_TestCase.java:401)
</failure>
  </testcase>
  <testcase classname="TestNgDemo.TestNgMaven.AppTest" name="testApp on testApp(TestNgDemo.TestNgMaven.AppTest)" time="0.001"/>
</testsuite>